-------------------------------------------------------------------------------
Test set: com.book.manager.ManagerApplicationTests
-------------------------------------------------------------------------------
Tests run: 1, Failures: 0, Errors: 1, Skipped: 0, Time elapsed: 0.016 s <<< FAILURE! - in com.book.manager.ManagerApplicationTests
contextLoads  Time elapsed: 0.016 s  <<< ERROR!
java.lang.NullPointerException
	at com.book.manager.ManagerApplicationTests.contextLoads(ManagerApplicationTests.java:38)

